<?xml version="1.0" encoding="UTF-8"?>
<!-- Generated by org.testng.reporters.JUnitReportReporter -->
<testsuite skipped="0" hostname="hasibs-MBP" name="SearchTest.TestGoogleSheet" tests="1" failures="0" timestamp="01 Feb 2019 21:16:55 GMT" time="11.602" errors="0">
  <testcase name="searchGoogleSheet" time="11.602" classname="SearchTest.TestGoogleSheet"/>
</testsuite> <!-- SearchTest.TestGoogleSheet -->
