<?xml version="1.0" encoding="UTF-8"?>
<!-- Generated by org.testng.reporters.JUnitReportReporter -->
<testsuite skipped="0" hostname="Ahmeds-MBP.home" name="dataDriven.LoginTest" tests="10" failures="0" timestamp="21 Jan 2019 06:27:39 GMT" time="281.078" errors="0">
  <testcase name="login" time="27.485" classname="dataDriven.LoginTest"/>
  <testcase name="login" time="25.606" classname="dataDriven.LoginTest"/>
  <testcase name="login" time="22.291" classname="dataDriven.LoginTest"/>
  <testcase name="login" time="24.335" classname="dataDriven.LoginTest"/>
  <testcase name="login" time="27.643" classname="dataDriven.LoginTest"/>
  <testcase name="login" time="27.324" classname="dataDriven.LoginTest"/>
  <testcase name="login" time="22.924" classname="dataDriven.LoginTest"/>
  <testcase name="login" time="37.262" classname="dataDriven.LoginTest"/>
  <testcase name="login" time="33.053" classname="dataDriven.LoginTest"/>
  <testcase name="login" time="33.155" classname="dataDriven.LoginTest"/>
</testsuite> <!-- dataDriven.LoginTest -->
