<?xml version="1.0" encoding="UTF-8"?>
<!-- Generated by org.testng.reporters.JUnitReportReporter -->
<testsuite skipped="0" hostname="Ahmeds-MBP.home" name="validation.ValidateNavigationBar" tests="2" failures="0" timestamp="16 Jan 2019 03:47:01 GMT" time="24.969" errors="0">
  <testcase name="validateMainHeader" time="11.316" classname="validation.ValidateNavigationBar"/>
  <testcase name="validateTopHeader" time="13.653" classname="validation.ValidateNavigationBar"/>
</testsuite> <!-- validation.ValidateNavigationBar -->
